20230726	23:56:46	3516cb06-e487-4bf8-8932-9ce664a56cd1	SyntaxError:Unexpected token " in JSON at position 6	GET	/auth/users	undefined
20230727	00:08:43	c48d4625-2bbf-44b6-ae02-35f0ddf6f3e7	Error:data and hash arguments required	POST	/auth/users	undefined
20230727	00:11:49	0fd74403-8f21-4654-99e4-f8e3dc30dd34	TypeError:Cannot read properties of undefined (reading 'username')	GET	/users	undefined
20230727	00:12:11	0c95e496-6039-4285-88d7-eb3369415211	TypeError:Cannot read properties of undefined (reading 'username')	GET	/work	undefined
20230727	00:18:18	a4715b3d-4ab7-4990-bf26-e707f0fd1ffc	TypeError:Cannot read properties of undefined (reading 'username')	GET	/users	undefined
20230727	00:19:48	b76ebcf5-954f-42c4-ab03-27a69b9b8e6b	TypeError:Cannot read properties of undefined (reading 'username')	GET	/users	undefined
20230727	00:19:51	0404a9f7-2938-4613-9592-f05490e3dc2b	TypeError:Cannot read properties of undefined (reading 'username')	GET	/users	undefined
20230727	00:20:08	65889cc2-8f0a-4f0c-b0bd-f0837e8a69c6	TypeError:Cannot read properties of undefined (reading 'username')	GET	/users	undefined
20230727	00:20:14	c9f7c5c6-cb89-47fb-8d79-0dec39625105	TypeError:Cannot read properties of undefined (reading 'username')	GET	/users	undefined
20230727	00:20:15	70adf372-1042-47d3-88b3-76e66a138b14	TypeError:Cannot read properties of undefined (reading 'username')	GET	/users	undefined
20230727	00:21:25	943dcff6-5068-43bb-baff-e51753a960a0	TypeError:Cannot read properties of undefined (reading 'username')	GET	/users	undefined
20230727	00:22:18	48d94e6e-ae70-4fcc-91c1-7cebca655275	TypeError:Cannot read properties of undefined (reading 'username')	GET	/work	undefined
20230727	00:22:45	0aac5485-8cdc-4c5c-98b9-a777131a8d0d	TypeError:Cannot read properties of undefined (reading 'username')	GET	/work	undefined
20230727	00:22:46	d6d28d77-2986-4759-8297-d857343fe922	TypeError:Cannot read properties of undefined (reading 'username')	GET	/work	undefined
20230727	00:23:44	365e42e7-66a2-438a-920c-25a55dd05d52	TypeError:Cannot read properties of undefined (reading 'username')	GET	/work	undefined
20230727	00:23:46	79fa0cb7-d01d-4702-b017-4db28acc33c6	TypeError:Cannot read properties of undefined (reading 'username')	GET	/work	undefined
20230727	00:24:00	ad60c4cb-d246-4589-b930-52a15a046c1f	TypeError:Cannot read properties of undefined (reading 'username')	GET	/work	undefined
20230727	00:25:40	359a7145-42e4-4848-b6c4-47535067d0ba	TypeError:Cannot read properties of undefined (reading 'username')	GET	/work	undefined
20230727	00:30:17	c7251217-aadb-4008-87cc-e73621f04434	TypeError:Cannot read properties of undefined (reading 'username')	GET	/work	undefined
20230727	00:30:18	eb74d251-9112-466c-af31-1a3020063c24	TypeError:Cannot read properties of undefined (reading 'username')	GET	/work	undefined
20230727	12:57:27	22a1647c-0a47-497d-a87e-f9abe8ddbaf0	TypeError:Cannot read properties of null (reading 'length')	POST	/auth/work	http://localhost:5173
20230727	13:00:51	9d1bd1ac-f5d1-4c7f-8001-fba1f41f69c1	TypeError:Cannot read properties of null (reading 'length')	POST	/auth/work	http://localhost:5173
20230727	13:01:38	cb000a93-513e-478d-9896-92380d623e89	TypeError:Cannot read properties of null (reading 'length')	POST	/auth/work	http://localhost:5173
20230727	13:35:55	f31dc013-1f09-4bf9-b0b9-9542b5efd679	Too Many Requests: Too many login attempts from this IP, please try again after a 60 second pause	POST	/users	http://localhost:5173
20230727	13:35:57	4379e268-ea4d-4d45-89c4-bae0f5538e49	Too Many Requests: Too many login attempts from this IP, please try again after a 60 second pause	POST	/users	http://localhost:5173
20230727	13:35:58	324d0134-4508-48c2-8cee-a7b3dd30d657	Too Many Requests: Too many login attempts from this IP, please try again after a 60 second pause	POST	/users	http://localhost:5173
20230727	13:35:59	b4a5979a-9e82-4e12-b91e-1b20c2e7b88f	Too Many Requests: Too many login attempts from this IP, please try again after a 60 second pause	POST	/users	http://localhost:5173
20230727	13:36:00	d24b1e50-3b8e-43e0-bfb4-717975f89482	Too Many Requests: Too many login attempts from this IP, please try again after a 60 second pause	POST	/users	http://localhost:5173
20230727	13:36:00	22d42e44-7140-43ee-94b1-082aefd48d04	Too Many Requests: Too many login attempts from this IP, please try again after a 60 second pause	POST	/users	http://localhost:5173
20230727	13:36:00	5c2fd1c2-c3e3-4457-95d7-5440e0d02ab2	Too Many Requests: Too many login attempts from this IP, please try again after a 60 second pause	POST	/users	http://localhost:5173
20230727	13:36:01	a3d578b1-886c-470c-b518-d33247e9ec99	Too Many Requests: Too many login attempts from this IP, please try again after a 60 second pause	POST	/users	http://localhost:5173
20230727	13:36:02	6a9d816a-3c7f-473f-a721-7ccc071facd8	Too Many Requests: Too many login attempts from this IP, please try again after a 60 second pause	POST	/users	http://localhost:5173
20230727	13:36:02	6872f72d-ae43-4e33-b121-d9bb31b2d6ab	Too Many Requests: Too many login attempts from this IP, please try again after a 60 second pause	POST	/users	http://localhost:5173
20230727	13:36:03	665d24d1-32bc-4ef6-9963-4ecab196eff3	Too Many Requests: Too many login attempts from this IP, please try again after a 60 second pause	POST	/users	http://localhost:5173
20230727	13:36:03	be379318-774f-48cf-9430-dbcc2e28e229	Too Many Requests: Too many login attempts from this IP, please try again after a 60 second pause	POST	/users	http://localhost:5173
20230727	13:36:03	4fce0453-aa7c-4a59-b042-2c9c57b8a5c1	Too Many Requests: Too many login attempts from this IP, please try again after a 60 second pause	POST	/users	http://localhost:5173
20230727	13:36:03	803f5200-15d2-4d13-a9de-5627a382b1d1	Too Many Requests: Too many login attempts from this IP, please try again after a 60 second pause	POST	/users	http://localhost:5173
20230727	13:36:04	65014989-9862-4a61-bdd9-de93c56da98a	Too Many Requests: Too many login attempts from this IP, please try again after a 60 second pause	POST	/users	http://localhost:5173
20230727	13:36:04	05fc0c30-c0b4-4606-b88e-7e58b32eba66	Too Many Requests: Too many login attempts from this IP, please try again after a 60 second pause	POST	/users	http://localhost:5173
20230727	13:36:05	b0ba4a63-ca6a-49c1-a9c2-3ce726bb1952	Too Many Requests: Too many login attempts from this IP, please try again after a 60 second pause	POST	/users	http://localhost:5173
20230727	13:36:05	ffc6f9af-142c-4eac-86da-6c9c1c275090	Too Many Requests: Too many login attempts from this IP, please try again after a 60 second pause	POST	/users	http://localhost:5173
20230727	13:36:05	9c090625-b62e-4b50-bf40-1d5845e7e8d1	Too Many Requests: Too many login attempts from this IP, please try again after a 60 second pause	POST	/users	http://localhost:5173
20230727	13:36:05	c1193a95-1e83-410d-a64c-56514690b8b6	Too Many Requests: Too many login attempts from this IP, please try again after a 60 second pause	POST	/users	http://localhost:5173
20230727	13:36:05	ade6a870-35b9-4dc2-bcdb-081b12a37c9c	Too Many Requests: Too many login attempts from this IP, please try again after a 60 second pause	POST	/users	http://localhost:5173
20230727	13:36:06	6374870e-9bed-48a7-b401-4ae7e4b45800	Too Many Requests: Too many login attempts from this IP, please try again after a 60 second pause	POST	/users	http://localhost:5173
20230727	13:36:06	fc171f7a-06ec-4939-b3c3-8b859236f7ba	Too Many Requests: Too many login attempts from this IP, please try again after a 60 second pause	POST	/users	http://localhost:5173
20230727	19:42:20	7cba619c-9422-49c2-9439-22d5ab261ad8	MongoServerSelectionError:getaddrinfo ENOTFOUND ac-gueufpz-shard-00-00.ldqit7k.mongodb.net	POST	/auth/work	http://localhost:5173
20230727	19:43:09	4a756ef6-6827-40c4-b2a2-11d4730aaa95	MongooseError:Operation `buyers.findOne()` buffering timed out after 10000ms	POST	/auth/users	http://localhost:5173
20230727	21:04:50	eec4704e-de37-457e-9b67-cd21c325ee69	MongoServerSelectionError:getaddrinfo ENOTFOUND ac-gueufpz-shard-00-00.ldqit7k.mongodb.net	POST	/auth/users	http://localhost:5173
20230727	21:04:50	f40cd8af-7c96-476c-b19d-4ed65009c960	MongoServerSelectionError:getaddrinfo ENOTFOUND ac-gueufpz-shard-00-00.ldqit7k.mongodb.net	POST	/auth/users	http://localhost:5173
20230727	21:18:27	d716ae49-52eb-4f3d-81f1-11533d0c680f	MongoServerSelectionError:getaddrinfo ENOTFOUND ac-gueufpz-shard-00-01.ldqit7k.mongodb.net	POST	/auth/users	http://localhost:5173
20230727	21:18:28	0676a33d-772c-4fe8-8562-76b51e20578e	MongoServerSelectionError:getaddrinfo ENOTFOUND ac-gueufpz-shard-00-01.ldqit7k.mongodb.net	POST	/auth/users	http://localhost:5173
20230727	21:19:31	da6e58c3-bea8-4b2c-8a61-731dadf43cfb	MongooseError:Operation `employees.findOne()` buffering timed out after 10000ms	POST	/auth/work	http://localhost:5173
20230727	21:19:38	3b3da3ac-8780-4966-8163-2c3891b77700	MongooseError:Operation `buyers.findOne()` buffering timed out after 10000ms	POST	/auth/users	http://localhost:5173
20230727	21:20:31	65f70c19-12a7-4387-8974-b4f2b6873933	MongooseError:Operation `buyers.findOne()` buffering timed out after 10000ms	POST	/auth/users	http://localhost:5173
20230727	21:20:31	d5c02576-3ebb-4161-9026-15ea33e34bec	MongooseError:Operation `buyers.findOne()` buffering timed out after 10000ms	POST	/auth/users	http://localhost:5173
20230727	21:22:04	286b1f6c-082d-46eb-a0df-30955d45fda7	MongooseError:Operation `buyers.findOne()` buffering timed out after 10000ms	POST	/auth/users	http://localhost:5173
20230727	21:28:39	f91cc4e0-481f-464a-a0e8-4ed1feacd4aa	MongooseError:Operation `buyers.findOne()` buffering timed out after 10000ms	POST	/auth/users	http://localhost:5173
20230727	21:37:26	e6c5fe77-5211-4506-b0db-bcc0b8973283	MongooseError:Operation `buyers.findOne()` buffering timed out after 10000ms	POST	/auth/users	http://localhost:5173
20230727	21:54:40	8e3f7aa4-8e1c-4296-adc3-3f882c03ecf2	MongooseError:Operation `buyers.find()` buffering timed out after 10000ms	POST	/signup	http://localhost:5173
20230727	21:54:50	3f12727a-5c58-43a6-93dd-9a239e3dac42	MongooseError:Operation `buyers.findOne()` buffering timed out after 10000ms	POST	/auth/users	http://localhost:5173
20230727	21:55:19	7060293e-797b-4371-8b16-dc2ba8ae33b5	MongooseError:Operation `buyers.findOne()` buffering timed out after 10000ms	POST	/auth/users	http://localhost:5173
20230727	21:56:53	6cc980bc-38ed-41eb-80ff-185e47ccc653	MongooseError:Operation `buyers.findOne()` buffering timed out after 10000ms	POST	/auth/users	http://localhost:5173
20230727	21:57:15	ad02c93f-4a4b-4911-98e2-1b62de5b350e	MongooseError:Operation `buyers.find()` buffering timed out after 10000ms	POST	/signup	http://localhost:5173
20230727	22:00:01	8b31038f-283a-4c34-844a-0a5d4249f07a	MongooseError:Operation `employees.find()` buffering timed out after 10000ms	GET	/work	http://localhost:5173
20230727	22:36:57	91146b1c-41b2-44fa-8b6b-48d28e4b064b	MongooseError:Operation `buyers.find()` buffering timed out after 10000ms	POST	/signup	http://localhost:5173
20230727	22:37:07	6acaf86e-3a28-4e39-8104-bc2fd08c39cd	MongooseError:Operation `buyers.findOne()` buffering timed out after 10000ms	POST	/auth/users	http://localhost:5173
20230727	22:37:17	8eb3f603-c1db-4aeb-ae2b-2cae4cd71ec4	MongooseError:Operation `items.find()` buffering timed out after 10000ms	GET	/items	http://localhost:5173
20230728	03:29:45	af13c703-bd0b-43a7-8dce-85cf0c8f865f	VersionError:No matching document found for id "64c166de0dc74cde9dc25d49" version 22 modifiedPaths "cartItems"	DELETE	/buy	http://localhost:5173
20230728	11:21:06	62aff78c-e8e2-4cfb-88ab-c015cc3f7319	VersionError:No matching document found for id "64c166de0dc74cde9dc25d49" version 29 modifiedPaths "cartItems"	POST	/buy	http://localhost:5173
20230728	13:47:28	6faa16b0-eb88-4ba2-b465-8c899184448b	ValidationError:Employee validation failed: roles.0: Cast to [string] failed for value "[ [ 'Admin,Employee' ] ]" (type string) at path "roles.0" because of "CastError"	PATCH	/work/64c16ca17b4f65fe329efc23	http://localhost:5173
20230728	13:48:44	fdc660da-0d8f-453e-aa4e-5ac141f2b0be	ValidationError:Employee validation failed: roles.0: Cast to [string] failed for value "[ [ 'Admin,Employee' ] ]" (type string) at path "roles.0" because of "CastError"	PATCH	/work/64c16ca17b4f65fe329efc23	http://localhost:5173
20230728	13:57:49	810da6e2-5515-43d0-ae6b-5e29651787e5	ValidationError:Employee validation failed: roles.0: Cast to [string] failed for value "[ [ 'Admin,Employee', 'Admin', 'Employee' ] ]" (type string) at path "roles.0" because of "CastError"	PATCH	/work/64c16ca17b4f65fe329efc23	http://localhost:5173
20230728	13:58:08	8ca83d69-b48d-4c1b-a798-fe8c134539f1	ValidationError:Employee validation failed: roles.0: Cast to [string] failed for value "[ [ 'Manager', 'Employee' ] ]" (type string) at path "roles.0" because of "CastError"	PATCH	/work/64c16d077b4f65fe329efc27	http://localhost:5173
20230728	22:27:42	01e6622e-0867-47d7-8f67-614792408bd9	MongooseError:Operation `buyers.findOne()` buffering timed out after 10000ms	POST	/auth/users	http://localhost:5173
20230728	22:27:44	e4dfdc36-c776-4ea8-9ce6-fef283279358	MongooseError:Operation `buyers.findOne()` buffering timed out after 10000ms	POST	/auth/users	http://localhost:5173
20230728	22:27:47	8d59d177-8d64-40ae-9182-3b258d8ad85a	MongooseError:Operation `employees.findOne()` buffering timed out after 10000ms	POST	/auth/work	http://localhost:5173
20230729	15:11:56	d56b573f-f604-403a-a261-0053f7704491	Too Many Requests: Too many login attempts from this IP, please try again after a 60 second pause	POST	/work	http://localhost:5173
20230729	17:53:20	061d1bc0-f84d-4646-928d-a03c2684e7db	Error:ENOENT: no such file or directory, stat 'C:\Users\DirectEd Student\SPRINT 5\views\404.html'	GET	/	undefined
20230730	08:35:56	42a05bce-440b-448e-9db8-8df9e0110373	ReferenceError:decryptPassword is not defined	GET	/work	http://localhost:5173
20230730	08:36:05	dcf22183-acd0-4459-be0c-55ce115f3ab0	ReferenceError:decryptPassword is not defined	GET	/work	http://localhost:5173
20230730	08:37:11	7b305500-7fe3-4cea-81a8-631d59e25be8	ReferenceError:hashedPassword is not defined	GET	/work	http://localhost:5173
20230730	10:09:49	5deef152-f5da-4fd8-8dff-e9a269ac5871	Too Many Requests: Too many login attempts from this IP, please try again after a 60 second pause	POST	/users	http://localhost:5173
20230730	10:12:08	2f8d2b41-4f37-4d7b-a952-e6983b4650cd	Too Many Requests: Too many login attempts from this IP, please try again after a 60 second pause	POST	/users	http://localhost:5173
20230730	10:17:19	c355ebb6-977d-4586-819b-17d37afbc428	Too Many Requests: Too many login attempts from this IP, please try again after a 60 second pause	POST	/users	http://localhost:5173
20230801	22:20:58	5a1a2522-4ca0-4c5f-86d5-079822dae7c6	Error:Not allowed by CORS	GET	/socket.io/?EIO=4&transport=polling&t=OcoY-2K	http://localhost:5174
20230801	22:21:00	d401111c-0022-4a8f-8906-2c1a6ba7154c	Error:Not allowed by CORS	GET	/socket.io/?EIO=4&transport=polling&t=OcoY-Qv	http://localhost:5174
20230801	22:21:02	80863687-2494-4641-873b-d1e0a397b3b0	Error:Not allowed by CORS	GET	/socket.io/?EIO=4&transport=polling&t=OcoY-z7	http://localhost:5174
20230801	22:21:09	99019ded-0a21-4c1e-aeb7-084876e134d8	Error:Not allowed by CORS	GET	/socket.io/?EIO=4&transport=polling&t=OcoZ0ZP	http://localhost:5174
20230801	22:21:14	32bb9a74-66a4-4208-95be-777225e9e09f	Error:Not allowed by CORS	GET	/socket.io/?EIO=4&transport=polling&t=OcoZ1pV	http://localhost:5174
20230801	22:21:19	d098b017-0aba-49f0-86cf-f169e676d1fa	Error:Not allowed by CORS	GET	/socket.io/?EIO=4&transport=polling&t=OcoZ3AI	http://localhost:5174
20230801	22:21:25	f527ae4d-b2e7-4fae-a7a2-878b617d0384	Error:Not allowed by CORS	GET	/socket.io/?EIO=4&transport=polling&t=OcoZ4Yb	http://localhost:5174
20230801	22:21:31	a6f3756e-8ed4-406c-8ae5-502a5051f5d1	Error:Not allowed by CORS	GET	/socket.io/?EIO=4&transport=polling&t=OcoZ61V	http://localhost:5174
20230801	22:21:37	55c87e52-2e32-4602-afcf-19d549651615	Error:Not allowed by CORS	GET	/socket.io/?EIO=4&transport=polling&t=OcoZ7R1	http://localhost:5174
20230801	22:21:42	aca4a1d5-0d52-4ac8-a9dc-e5119becf163	Error:Not allowed by CORS	GET	/socket.io/?EIO=4&transport=polling&t=OcoZ8nx	http://localhost:5174
20230801	22:21:48	a95b321d-ee64-4f1c-9c93-9eabcaa2b16f	Error:Not allowed by CORS	GET	/socket.io/?EIO=4&transport=polling&t=OcoZA9x	http://localhost:5174
20230801	22:21:54	b7628a0c-6cdf-4fb4-a0a8-2b9e9a40aff2	Error:Not allowed by CORS	GET	/socket.io/?EIO=4&transport=polling&t=OcoZBbR	http://localhost:5174
20230801	22:21:59	e1b09722-9cf6-4ea7-9007-9bd1f0af11fa	Error:Not allowed by CORS	GET	/socket.io/?EIO=4&transport=polling&t=OcoZCvB	http://localhost:5174
20230801	22:22:05	51517f26-1d5e-4aa2-a746-1bd1193d6704	Error:Not allowed by CORS	GET	/socket.io/?EIO=4&transport=polling&t=OcoZEGa	http://localhost:5174
20230801	22:22:11	ae631358-6cac-4bf4-99e2-ad7d91d37db3	Error:Not allowed by CORS	GET	/socket.io/?EIO=4&transport=polling&t=OcoZFkK	http://localhost:5174
20230801	22:22:17	df2a3577-3a7f-4e8f-8bd3-a8399df52563	Error:Not allowed by CORS	GET	/socket.io/?EIO=4&transport=polling&t=OcoZHBx	http://localhost:5174
20230801	22:22:22	a7881114-a0bd-46b5-bf4e-6219a17856e3	Error:Not allowed by CORS	GET	/socket.io/?EIO=4&transport=polling&t=OcoZIRV	http://localhost:5174
20230801	22:22:28	c07fca90-e470-4c03-94f8-bba2037f5a57	Error:Not allowed by CORS	GET	/socket.io/?EIO=4&transport=polling&t=OcoZJtr	http://localhost:5174
20230801	22:22:34	bf3e4a45-1689-4f0e-97b9-f12b3cdb8f77	Error:Not allowed by CORS	GET	/socket.io/?EIO=4&transport=polling&t=OcoZLLe	http://localhost:5174
20230801	22:22:40	ee41e262-0d45-4f72-ad02-613d2e87fc19	Error:Not allowed by CORS	GET	/socket.io/?EIO=4&transport=polling&t=OcoZMph	http://localhost:5174
20230801	22:22:45	5c23633e-f8d5-416b-a01e-33e482632d11	Error:Not allowed by CORS	GET	/socket.io/?EIO=4&transport=polling&t=OcoZO31	http://localhost:5174
20230801	22:22:50	70f2e533-8bad-49b5-9386-207f1cf8f097	Error:Not allowed by CORS	GET	/socket.io/?EIO=4&transport=polling&t=OcoZPIk	http://localhost:5174
20230801	22:22:56	9a446493-5771-4dc6-9686-8344a5f0ba48	Error:Not allowed by CORS	GET	/socket.io/?EIO=4&transport=polling&t=OcoZQjQ	http://localhost:5174
20230801	22:23:02	c34ebba4-d0b3-456c-84e3-65509e5f55a7	Error:Not allowed by CORS	GET	/socket.io/?EIO=4&transport=polling&t=OcoZSBA	http://localhost:5174
20230801	22:23:08	eb128479-ea44-492f-854d-c39316472ec8	Error:Not allowed by CORS	GET	/socket.io/?EIO=4&transport=polling&t=OcoZTen	http://localhost:5174
20230801	22:23:14	a708740c-8934-4c62-9e11-4901e71c3189	Error:Not allowed by CORS	GET	/socket.io/?EIO=4&transport=polling&t=OcoZV6j	http://localhost:5174
20230801	22:23:20	571b3b98-9afc-441f-8573-5c113f62628a	Error:Not allowed by CORS	GET	/socket.io/?EIO=4&transport=polling&t=OcoZWaI	http://localhost:5174
20230801	22:23:26	577bcc28-ce0d-46f0-ad9f-afc904fff82c	Error:Not allowed by CORS	GET	/socket.io/?EIO=4&transport=polling&t=OcoZY29	http://localhost:5174
20230801	22:23:32	0d996b9d-60fb-49bf-be11-80b21ba5b803	Error:Not allowed by CORS	GET	/socket.io/?EIO=4&transport=polling&t=OcoZZVm	http://localhost:5174
20230801	22:23:38	83495eae-3c6d-4736-801d-862a3a27a70b	Error:Not allowed by CORS	GET	/socket.io/?EIO=4&transport=polling&t=OcoZaze	http://localhost:5174
20230801	22:23:44	15d2a58a-3d52-4b6c-89f2-67b0e5c318bd	Error:Not allowed by CORS	GET	/socket.io/?EIO=4&transport=polling&t=OcoZcXQ	http://localhost:5174
20230801	22:25:42	7e5b0c04-ba73-4ad8-a961-2899d4b9cebc	Error:Not allowed by CORS	GET	/socket.io/?EIO=4&transport=polling&t=Ocoa2m6	http://localhost:5174
20230801	22:25:48	aec1f7df-568b-4333-9439-f6f40659b5bd	Error:Not allowed by CORS	GET	/socket.io/?EIO=4&transport=polling&t=Ocoa4ir	http://localhost:5174
20230801	22:25:53	b29e986d-a2fc-48e5-b438-bbc66d6044f0	Error:Not allowed by CORS	GET	/socket.io/?EIO=4&transport=polling&t=Ocoa5xs	http://localhost:5174
20230801	22:25:59	a7841e8a-047f-4b37-b4ee-1559e0dc880b	Error:Not allowed by CORS	GET	/socket.io/?EIO=4&transport=polling&t=Ocoa7Oc	http://localhost:5174
20230801	22:26:05	17952dd0-abd3-4b7a-9d8b-c87290861e60	Error:Not allowed by CORS	GET	/socket.io/?EIO=4&transport=polling&t=Ocoa8sT	http://localhost:5174
20230801	22:26:11	8c3b40a4-c108-4a3b-81f9-b35ed81e40a9	Error:Not allowed by CORS	GET	/socket.io/?EIO=4&transport=polling&t=OcoaAK5	http://localhost:5174
20230801	22:26:17	4025b656-f9a4-4be4-8820-9a16f6fd4c90	Error:Not allowed by CORS	GET	/socket.io/?EIO=4&transport=polling&t=OcoaBnx	http://localhost:5174
20230801	22:26:23	4acfd717-5b8f-47db-b885-b9151dee6f23	Error:Not allowed by CORS	GET	/socket.io/?EIO=4&transport=polling&t=OcoaDFd	http://localhost:5174
20230801	22:26:29	79d414ab-51ef-449e-ab38-213ce2a7c693	Error:Not allowed by CORS	GET	/socket.io/?EIO=4&transport=polling&t=OcoaEp8	http://localhost:5174
20230801	22:26:35	6281b895-8398-46ea-b700-b0d83ed150c1	Error:Not allowed by CORS	GET	/socket.io/?EIO=4&transport=polling&t=OcoaGDz	http://localhost:5174
20230801	22:26:41	b8c1f8c4-7dfb-4654-95c4-0b9787574c34	Error:Not allowed by CORS	GET	/socket.io/?EIO=4&transport=polling&t=OcoaHew	http://localhost:5174
20230801	22:26:47	a6d7d39e-1781-4e60-8c34-1aee1f1f1bc6	Error:Not allowed by CORS	GET	/socket.io/?EIO=4&transport=polling&t=OcoaJ6l	http://localhost:5174
20230801	22:26:53	0db88d27-d81c-439e-8948-93b22f266e9f	Error:Not allowed by CORS	GET	/socket.io/?EIO=4&transport=polling&t=OcoaKaO	http://localhost:5174
20230801	22:26:59	dc1729b8-75cd-4726-8288-04bafa93dced	Error:Not allowed by CORS	GET	/socket.io/?EIO=4&transport=polling&t=OcoaM28	http://localhost:5174
20230801	22:27:05	a479f647-7fbb-40d7-8a70-bd895e1729f9	Error:Not allowed by CORS	GET	/socket.io/?EIO=4&transport=polling&t=OcoaNW0	http://localhost:5174
20230801	22:27:11	8c98b92f-85fa-452e-9b81-2bef867a4fc2	Error:Not allowed by CORS	GET	/socket.io/?EIO=4&transport=polling&t=OcoaOzp	http://localhost:5174
20230801	22:27:17	de34a080-7df5-4592-a960-c9f969093af9	Error:Not allowed by CORS	GET	/socket.io/?EIO=4&transport=polling&t=OcoaQRO	http://localhost:5174
20230801	22:27:23	46b5b99e-05f5-41e5-9b3d-56ca5cc04f5a	Error:Not allowed by CORS	GET	/socket.io/?EIO=4&transport=polling&t=OcoaRvF	http://localhost:5174
20230801	22:27:29	46797d8a-8b13-4ab5-b803-79095e09f804	Error:Not allowed by CORS	GET	/socket.io/?EIO=4&transport=polling&t=OcoaTMu	http://localhost:5174
20230801	22:27:35	ed4bcbf2-434e-4056-9c05-4293430eb38a	Error:Not allowed by CORS	GET	/socket.io/?EIO=4&transport=polling&t=OcoaUqh	http://localhost:5174
20230801	22:27:41	cfaf1e48-ce42-450c-9da1-9212c39908c7	Error:Not allowed by CORS	GET	/socket.io/?EIO=4&transport=polling&t=OcoaWIX	http://localhost:5174
20230801	22:27:47	944360ae-76d1-4b2d-97a3-f5f3e9ef945e	Error:Not allowed by CORS	GET	/socket.io/?EIO=4&transport=polling&t=OcoaXmC	http://localhost:5174
20230801	22:27:53	2eb21578-9e76-4cdf-9e8c-e8e85023bddd	Error:Not allowed by CORS	GET	/socket.io/?EIO=4&transport=polling&t=OcoaZE1	http://localhost:5174
20230801	22:27:59	466d010a-b25d-4a7f-a7d3-e649ae100df4	Error:Not allowed by CORS	GET	/socket.io/?EIO=4&transport=polling&t=Ocoaahp	http://localhost:5174
20230801	22:28:05	6e67c043-29e3-4faa-92b0-b3d45f9537cb	Error:Not allowed by CORS	GET	/socket.io/?EIO=4&transport=polling&t=Ocoac9Z	http://localhost:5174
20230801	22:28:11	44b34095-8446-43c1-bb04-aed5c622ada2	Error:Not allowed by CORS	GET	/socket.io/?EIO=4&transport=polling&t=OcoaddE	http://localhost:5174
20230801	22:28:17	0ba46d48-bd83-4177-86bd-8de4b0d6c252	Error:Not allowed by CORS	GET	/socket.io/?EIO=4&transport=polling&t=Ocoaf51	http://localhost:5174
20230801	22:28:22	c879e798-f5a3-48de-9f66-cbef6963c398	Error:Not allowed by CORS	GET	/socket.io/?EIO=4&transport=polling&t=OcoagOM	http://localhost:5174
20230801	22:28:28	ad723ab1-e175-4ed1-940e-8ad88bbc3d57	Error:Not allowed by CORS	GET	/socket.io/?EIO=4&transport=polling&t=Ocoahmu	http://localhost:5174
20230801	22:28:35	a6e637a1-5316-472f-abcb-64ea741e9930	Error:Not allowed by CORS	GET	/socket.io/?EIO=4&transport=polling&t=OcoajEe	http://localhost:5174
20230801	22:28:41	3676f4d5-f1d3-4510-8f1b-f8271ea50013	Error:Not allowed by CORS	GET	/socket.io/?EIO=4&transport=polling&t=Ocoal0E	http://localhost:5174
20230801	22:28:47	4ceac43b-7190-40f0-a91f-c9d0d9470805	Error:Not allowed by CORS	GET	/socket.io/?EIO=4&transport=polling&t=OcoamPo	http://localhost:5174
20230801	22:28:53	16ded55f-bd37-4036-9212-64a698896528	Error:Not allowed by CORS	GET	/socket.io/?EIO=4&transport=polling&t=OcoantW	http://localhost:5174
20230801	22:28:59	2a79f8e8-0550-4286-b8aa-f56299df9997	Error:Not allowed by CORS	GET	/socket.io/?EIO=4&transport=polling&t=OcoapLD	http://localhost:5174
20230801	22:29:05	6bf8aaf3-57fd-42e7-b191-d653bde4ecee	Error:Not allowed by CORS	GET	/socket.io/?EIO=4&transport=polling&t=Ocoaqow	http://localhost:5174
20230801	22:29:11	43fda163-82f2-4c62-849e-5916a54a0817	Error:Not allowed by CORS	GET	/socket.io/?EIO=4&transport=polling&t=OcoasGj	http://localhost:5174
20230801	22:29:17	070be092-0f25-4a33-8738-aa884f7ff522	Error:Not allowed by CORS	GET	/socket.io/?EIO=4&transport=polling&t=OcoatkY	http://localhost:5174
20230801	22:29:23	63a4d817-7da1-4530-9e98-f2f7832411d3	Error:Not allowed by CORS	GET	/socket.io/?EIO=4&transport=polling&t=OcoavCH	http://localhost:5174
20230801	22:29:29	2e8daa78-d088-496a-93eb-24de7652d4b1	Error:Not allowed by CORS	GET	/socket.io/?EIO=4&transport=polling&t=Ocoawg9	http://localhost:5174
20230801	22:29:35	d1472338-ea62-4dd1-b13e-1928bb381048	Error:Not allowed by CORS	GET	/socket.io/?EIO=4&transport=polling&t=Ocoay7p	http://localhost:5174
20230801	22:29:41	0c451924-5e63-45ad-bbbb-0bdbef8cfa2d	Error:Not allowed by CORS	GET	/socket.io/?EIO=4&transport=polling&t=OcoazbQ	http://localhost:5174
20230801	22:29:47	8d51917a-c04b-4a1b-beb9-282f86a41453	Error:Not allowed by CORS	GET	/socket.io/?EIO=4&transport=polling&t=Ocoa_3E	http://localhost:5174
20230801	22:29:53	33a4b141-a58a-4b8c-ba39-7596fe82f573	Error:Not allowed by CORS	GET	/socket.io/?EIO=4&transport=polling&t=Ocob0Ww	http://localhost:5174
20230801	22:29:59	bb1256d7-bbc5-44ea-94a8-22b2020eead7	Error:Not allowed by CORS	GET	/socket.io/?EIO=4&transport=polling&t=Ocob1-d	http://localhost:5174
20230801	22:30:05	582ca5e5-c472-4310-a7a4-942837a03943	Error:Not allowed by CORS	GET	/socket.io/?EIO=4&transport=polling&t=Ocob3SN	http://localhost:5174
20230801	22:30:11	b3c44e3f-7448-4b96-b6b4-3a778d78ebdc	Error:Not allowed by CORS	GET	/socket.io/?EIO=4&transport=polling&t=Ocob4wJ	http://localhost:5174
20230801	22:30:17	f3655989-dae9-4837-8f18-bfcbffa8a0a8	Error:Not allowed by CORS	GET	/socket.io/?EIO=4&transport=polling&t=Ocob6N-	http://localhost:5174
20230801	22:30:23	04467467-715a-4d73-9ffd-07eb43180900	Error:Not allowed by CORS	GET	/socket.io/?EIO=4&transport=polling&t=Ocob7rk	http://localhost:5174
20230801	22:30:29	a73cf888-11a3-475f-b5f2-fb1c522a2861	Error:Not allowed by CORS	GET	/socket.io/?EIO=4&transport=polling&t=Ocob9JM	http://localhost:5174
20230801	22:30:35	a54fe143-f40b-43fa-9440-3b1beb3a0d7f	Error:Not allowed by CORS	GET	/socket.io/?EIO=4&transport=polling&t=OcobAnE	http://localhost:5174
20230801	22:30:41	d49fce9b-9700-4c59-8099-60038958f1f6	Error:Not allowed by CORS	GET	/socket.io/?EIO=4&transport=polling&t=OcobCEy	http://localhost:5174
20230801	22:30:47	97b5d345-711c-4d7a-b7d2-186c2e15694c	Error:Not allowed by CORS	GET	/socket.io/?EIO=4&transport=polling&t=OcobDif	http://localhost:5174
20230801	22:30:52	b1e82fea-da28-476d-a33d-8ceefc9fbe3a	Error:Not allowed by CORS	GET	/socket.io/?EIO=4&transport=polling&t=OcobEzC	http://localhost:5174
20230801	22:30:58	13e614b7-1c55-46a9-91ac-3a48c63ba3ca	Error:Not allowed by CORS	GET	/socket.io/?EIO=4&transport=polling&t=OcobGOW	http://localhost:5174
20230801	22:31:04	d0b79873-4a97-4056-a247-0a5ea5ac33ae	Error:Not allowed by CORS	GET	/socket.io/?EIO=4&transport=polling&t=OcobHsL	http://localhost:5174
20230801	22:31:10	a8753959-6921-44fe-9af6-1c462c2ac670	Error:Not allowed by CORS	GET	/socket.io/?EIO=4&transport=polling&t=OcobJK1	http://localhost:5174
20230801	22:31:16	a6f1235c-39e8-479a-a254-f40c53a87727	Error:Not allowed by CORS	GET	/socket.io/?EIO=4&transport=polling&t=OcobKnj	http://localhost:5174
20230801	22:31:22	29ea2a94-0999-46f1-ae17-a56ba8b1b536	Error:Not allowed by CORS	GET	/socket.io/?EIO=4&transport=polling&t=OcobMFe	http://localhost:5174
20230801	22:31:28	845b1ad2-1152-4ecc-8ba5-fac2ca61bc53	Error:Not allowed by CORS	GET	/socket.io/?EIO=4&transport=polling&t=OcobNox	http://localhost:5174
20230801	22:31:34	92a03716-77de-4a15-a2a1-ec4aedeca4ea	Error:Not allowed by CORS	GET	/socket.io/?EIO=4&transport=polling&t=OcobPBC	http://localhost:5174
20230801	22:31:39	c233dd36-3e49-4bb1-b4b4-8ec9bc574236	Error:Not allowed by CORS	GET	/socket.io/?EIO=4&transport=polling&t=OcobQRP	http://localhost:5174
20230801	22:31:45	a7aed75a-884b-4f26-9fb1-2d983f0b2644	Error:Not allowed by CORS	GET	/socket.io/?EIO=4&transport=polling&t=OcobRs_	http://localhost:5174
20230801	22:31:51	01ade7d0-8eff-45e3-a10e-df73c1af7a98	Error:Not allowed by CORS	GET	/socket.io/?EIO=4&transport=polling&t=OcobTKe	http://localhost:5174
20230801	22:31:57	9a47c125-77f0-436d-a2f3-9b080c39cb49	Error:Not allowed by CORS	GET	/socket.io/?EIO=4&transport=polling&t=OcobUoW	http://localhost:5174
20230801	22:32:03	b06fc76d-a2a9-4e7d-81af-a9d373ff2b0e	Error:Not allowed by CORS	GET	/socket.io/?EIO=4&transport=polling&t=OcobWG8	http://localhost:5174
20230801	22:32:09	c374e0c9-f04e-46b1-86e0-eb442d1d31f6	Error:Not allowed by CORS	GET	/socket.io/?EIO=4&transport=polling&t=OcobXjx	http://localhost:5174
20230801	22:32:15	e81b1ecb-4b12-4db3-a55c-5fa925b6a38a	Error:Not allowed by CORS	GET	/socket.io/?EIO=4&transport=polling&t=OcobZBe	http://localhost:5174
20230801	22:32:21	4ccada67-4cd1-4b42-8d86-8de6307a1981	Error:Not allowed by CORS	GET	/socket.io/?EIO=4&transport=polling&t=Ocobafa	http://localhost:5174
20230801	22:32:27	e0d8f32d-0ed1-44a5-a24a-ba66a829b252	Error:Not allowed by CORS	GET	/socket.io/?EIO=4&transport=polling&t=Ocobc7D	http://localhost:5174
20230801	22:32:33	9471d6e1-c32b-493b-bfd8-4b5198bf64fa	Error:Not allowed by CORS	GET	/socket.io/?EIO=4&transport=polling&t=Ocobda_	http://localhost:5174
20230801	22:32:39	159eca65-0f55-4595-b4f2-077e1a2c248c	Error:Not allowed by CORS	GET	/socket.io/?EIO=4&transport=polling&t=Ocobf2m	http://localhost:5174
20230801	22:32:45	7ab93238-4104-4aef-b7d7-2ead79a610fb	Error:Not allowed by CORS	GET	/socket.io/?EIO=4&transport=polling&t=OcobgWM	http://localhost:5174
20230801	22:32:51	3e4a7258-6707-4fb0-b4ed-bdc5adc939d7	Error:Not allowed by CORS	GET	/socket.io/?EIO=4&transport=polling&t=Ocobh-I	http://localhost:5174
20230801	22:32:57	4f86641f-1060-44dc-8102-e3d4393655ac	Error:Not allowed by CORS	GET	/socket.io/?EIO=4&transport=polling&t=OcobjS0	http://localhost:5174
20230801	22:33:03	ebc6a3ab-7f70-4f0c-a87a-b2d0da2caf29	Error:Not allowed by CORS	GET	/socket.io/?EIO=4&transport=polling&t=Ocobkve	http://localhost:5174
20230801	22:33:09	3e7f31e3-f48a-41fb-b8e3-6ba87238a42c	Error:Not allowed by CORS	GET	/socket.io/?EIO=4&transport=polling&t=OcobmNM	http://localhost:5174
20230801	22:33:15	43127c9f-0b01-48ec-80e2-58e4eeb13d4a	Error:Not allowed by CORS	GET	/socket.io/?EIO=4&transport=polling&t=OcobnrE	http://localhost:5174
20230801	22:33:21	ac23e9e6-d0f5-4a63-8556-5155496acfff	Error:Not allowed by CORS	GET	/socket.io/?EIO=4&transport=polling&t=OcobpI_	http://localhost:5174
20230801	22:33:27	a9e6f5ed-3568-4dc4-a23a-e3d81cc92506	Error:Not allowed by CORS	GET	/socket.io/?EIO=4&transport=polling&t=Ocobqmr	http://localhost:5174
20230801	22:33:33	8a3a7f7e-4d83-4b8e-bfbb-f399d73d869d	Error:Not allowed by CORS	GET	/socket.io/?EIO=4&transport=polling&t=OcobsEW	http://localhost:5174
20230801	22:33:39	6b6965fa-e1f3-4759-b012-ecbd1ded49e9	Error:Not allowed by CORS	GET	/socket.io/?EIO=4&transport=polling&t=OcobtiJ	http://localhost:5174
20230801	22:33:45	38db0830-5cc7-4298-b379-acdf851a2e4d	Error:Not allowed by CORS	GET	/socket.io/?EIO=4&transport=polling&t=OcobvA4	http://localhost:5174
20230801	22:33:51	375c4fae-f001-40a9-956b-fb742063ba60	Error:Not allowed by CORS	GET	/socket.io/?EIO=4&transport=polling&t=Ocobwdg	http://localhost:5174
20230801	22:33:57	1c3deefa-1f0c-4ba2-bf18-a7a30dec5bc5	Error:Not allowed by CORS	GET	/socket.io/?EIO=4&transport=polling&t=Ocoby5Z	http://localhost:5174
20230801	22:34:02	97f54ec3-beed-420e-992d-7091577e868f	Error:Not allowed by CORS	GET	/socket.io/?EIO=4&transport=polling&t=OcobzKT	http://localhost:5174
20230801	22:34:08	fca01215-7bfc-4cf7-9542-d650599696e4	Error:Not allowed by CORS	GET	/socket.io/?EIO=4&transport=polling&t=Ocob-po	http://localhost:5174
20230801	22:34:14	98e108ad-cfa4-4dd5-84fc-607565348253	Error:Not allowed by CORS	GET	/socket.io/?EIO=4&transport=polling&t=Ococ0F4	http://localhost:5174
20230801	22:34:20	4b3573b6-ae76-4d13-8dba-328b1bb66fe9	Error:Not allowed by CORS	GET	/socket.io/?EIO=4&transport=polling&t=Ococ1iu	http://localhost:5174
20230801	22:34:26	c8f16327-7a43-4d3c-ba7d-84c9ccd09e7b	Error:Not allowed by CORS	GET	/socket.io/?EIO=4&transport=polling&t=Ococ3AW	http://localhost:5174
20230801	22:34:32	43b2bcce-0d28-43bb-91ac-d03fd9f6228c	Error:Not allowed by CORS	GET	/socket.io/?EIO=4&transport=polling&t=Ococ4eQ	http://localhost:5174
20230801	22:34:38	a8dff63d-130c-4b99-af5c-40787724005f	Error:Not allowed by CORS	GET	/socket.io/?EIO=4&transport=polling&t=Ococ665	http://localhost:5174
20230801	22:34:44	b3441f36-e469-493e-ae56-e0ec6a5c2aaa	Error:Not allowed by CORS	GET	/socket.io/?EIO=4&transport=polling&t=Ococ7Zm	http://localhost:5174
20230801	22:34:50	49b1e968-6693-4e30-8445-f47233ac2341	Error:Not allowed by CORS	GET	/socket.io/?EIO=4&transport=polling&t=Ococ91Z	http://localhost:5174
20230801	22:34:56	e0d8a0a6-3b8a-468e-aa1e-05ca7b34d090	Error:Not allowed by CORS	GET	/socket.io/?EIO=4&transport=polling&t=OcocAVJ	http://localhost:5174
20230801	22:35:02	758c4d8d-3c2d-4e67-a017-ee4cdad1d40b	Error:Not allowed by CORS	GET	/socket.io/?EIO=4&transport=polling&t=OcocBy_	http://localhost:5174
20230801	22:35:08	dd9d7c42-f062-4b9a-9fe6-d5a4e98b3eba	Error:Not allowed by CORS	GET	/socket.io/?EIO=4&transport=polling&t=OcocDQo	http://localhost:5174
20230801	22:35:14	e04e8958-aa3b-46bd-a312-e7979ef262e5	Error:Not allowed by CORS	GET	/socket.io/?EIO=4&transport=polling&t=OcocEuh	http://localhost:5174
20230801	22:35:20	3d4d4f47-5a4a-4d5f-8544-05d6e0740998	Error:Not allowed by CORS	GET	/socket.io/?EIO=4&transport=polling&t=OcocGMO	http://localhost:5174
20230801	22:35:26	f73ff02e-09cc-429f-ac4f-440c8a1ddf50	Error:Not allowed by CORS	GET	/socket.io/?EIO=4&transport=polling&t=OcocHq2	http://localhost:5174
20230801	22:35:32	6651c64a-ee3e-4e29-a7c7-0f9e799c3b69	Error:Not allowed by CORS	GET	/socket.io/?EIO=4&transport=polling&t=OcocJIq	http://localhost:5174
20230801	22:35:38	aab3877f-199b-45a1-a5c5-c3d3b4c58a6a	Error:Not allowed by CORS	GET	/socket.io/?EIO=4&transport=polling&t=OcocKlY	http://localhost:5174
20230801	22:35:44	3c9dd73b-67b3-4d5c-8e5a-d7f4c01f3aa5	Error:Not allowed by CORS	GET	/socket.io/?EIO=4&transport=polling&t=OcocMDP	http://localhost:5174
20230801	22:35:50	b04683dd-2d50-49ac-85b3-276e9fcc3f96	Error:Not allowed by CORS	GET	/socket.io/?EIO=4&transport=polling&t=OcocNh3	http://localhost:5174
20230801	22:35:56	8990d242-b489-4a13-b5c0-1211c400b0be	Error:Not allowed by CORS	GET	/socket.io/?EIO=4&transport=polling&t=OcocP8v	http://localhost:5174
20230801	22:36:08	17f14572-e8c6-4ed6-933c-1dc77b01083e	Error:Not allowed by CORS	GET	/socket.io/?EIO=4&transport=polling&t=OcocS4N	http://localhost:5174
20230801	22:36:13	d6f4e9f3-c891-40de-88d6-979b04ee2cd4	Error:Not allowed by CORS	GET	/socket.io/?EIO=4&transport=polling&t=OcocTLs	http://localhost:5174
20230801	22:36:19	59e24759-ff85-41ee-ba12-83e0adfeba70	Error:Not allowed by CORS	GET	/socket.io/?EIO=4&transport=polling&t=OcocUmM	http://localhost:5174
20230801	22:36:25	b0ec34a0-1a63-41cd-915e-4c7aaf0e314d	Error:Not allowed by CORS	GET	/socket.io/?EIO=4&transport=polling&t=OcocWDw	http://localhost:5174
20230801	22:36:31	cf0422a3-7809-414d-a08a-032d33aae921	Error:Not allowed by CORS	GET	/socket.io/?EIO=4&transport=polling&t=OcocXhm	http://localhost:5174
20230801	22:36:37	011862e8-ba5a-44d1-8872-f83d97930093	Error:Not allowed by CORS	GET	/socket.io/?EIO=4&transport=polling&t=OcocZ9X	http://localhost:5174
20230801	22:36:43	3a6de43e-3dcc-4037-ac77-cc3e243c8458	Error:Not allowed by CORS	GET	/socket.io/?EIO=4&transport=polling&t=OcocadC	http://localhost:5174
20230801	22:36:49	5a43039e-4bd8-427d-8103-323253c960ee	Error:Not allowed by CORS	GET	/socket.io/?EIO=4&transport=polling&t=Ococc4r	http://localhost:5174
20230801	22:36:55	e6c88ff5-3ad0-44e2-877d-329dc7324ee9	Error:Not allowed by CORS	GET	/socket.io/?EIO=4&transport=polling&t=OcocdYm	http://localhost:5174
20230801	22:37:01	7cd517a9-8d85-491a-be1f-61ed90658a95	Error:Not allowed by CORS	GET	/socket.io/?EIO=4&transport=polling&t=Ococf0P	http://localhost:5174
20230801	22:37:07	d609748c-a167-4383-815e-610fc6d422cb	Error:Not allowed by CORS	GET	/socket.io/?EIO=4&transport=polling&t=OcocgUG	http://localhost:5174
20230801	22:37:13	9402cb43-a6ce-4b18-ace5-c13a963f0dc7	Error:Not allowed by CORS	GET	/socket.io/?EIO=4&transport=polling&t=Ocochx_	http://localhost:5174
20230802	15:32:42	f9da5d07-eee7-4b23-808d-a0cec2668590	ReferenceError:messagename is not defined	POST	/mess	http://localhost:5173
20230802	15:34:01	01ee2ebc-390d-4399-a713-9a476cd795f9	ReferenceError:messagename is not defined	POST	/mess	http://localhost:5173
20230820	09:57:20	69b37219-09e2-44fa-8d83-9a838007d139	Too Many Requests: Too many login attempts from this IP, please try again after a 60 second pause	POST	/work	http://localhost:5173
20230820	09:57:21	f0679a81-ee79-410f-b270-e1531bad9a2a	Too Many Requests: Too many login attempts from this IP, please try again after a 60 second pause	POST	/work	http://localhost:5173
